<?xml version="1.0" encoding="UTF-8"?>
<testsuites name="jest tests" tests="1" failures="1" time="1.059">
  <testsuite name="Cache" errors="0" failures="1" skipped="0" timestamp="2020-01-10T03:17:34" time="0.922" tests="1">
    <testcase classname="Cache Sets and retrieves an object in the cache" name="Cache Sets and retrieves an object in the cache" time="0.027">
      <failure>Error: Cache config requires host, port and logger properties
    at new Cache (/src/lib/cache/cache.js:25:19)
    at createCache (/src/test/integration/lib/cache.test.js:16:19)
    at Object.&lt;anonymous&gt; (/src/test/integration/lib/cache.test.js:30:29)
    at Object.asyncJestTest (/src/node_modules/jest-jasmine2/build/jasmineAsyncInstall.js:102:37)
    at /src/node_modules/jest-jasmine2/build/queueRunner.js:43:12
    at new Promise (&lt;anonymous&gt;)
    at mapper (/src/node_modules/jest-jasmine2/build/queueRunner.js:26:19)
    at /src/node_modules/jest-jasmine2/build/queueRunner.js:73:41</failure>
    </testcase>
  </testsuite>
</testsuites>